[debug] [2022-11-06T13:31:59.022Z] ----------------------------------------------------------------------
[debug] [2022-11-06T13:31:59.025Z] Command:       C:\Program Files\nodejs\node.exe C:\Users\mojil.LAPTOP-S6QF901D\AppData\Roaming\npm\node_modules\firebase-tools\lib\bin\firebase.js init
[debug] [2022-11-06T13:31:59.026Z] CLI Version:   11.16.0
[debug] [2022-11-06T13:31:59.026Z] Platform:      win32
[debug] [2022-11-06T13:31:59.026Z] Node Version:  v16.18.0
[debug] [2022-11-06T13:31:59.028Z] Time:          Sun Nov 06 2022 21:31:59 GMT+0800 (Singapore Standard Time)
[debug] [2022-11-06T13:31:59.029Z] ----------------------------------------------------------------------
[debug] 
[debug] [2022-11-06T13:31:59.045Z] > command requires scopes: ["email","openid","https://www.googleapis.com/auth/cloudplatformprojects.readonly","https://www.googleapis.com/auth/firebase","https://www.googleapis.com/auth/cloud-platform"]
[debug] [2022-11-06T13:31:59.046Z] > authorizing via signed-in user (mojillorayjan@gmail.com)
[info] 
     ######## #### ########  ######## ########     ###     ######  ########
     ##        ##  ##     ## ##       ##     ##  ##   ##  ##       ##
     ######    ##  ########  ######   ########  #########  ######  ######
     ##        ##  ##    ##  ##       ##     ## ##     ##       ## ##
     ##       #### ##     ## ######## ########  ##     ##  ######  ########

You're about to initialize a Firebase project in this directory:

  C:\Users\mojil.LAPTOP-S6QF901D\Desktop\My Projects\My Vue.js Portfolio\portfolio

[info] 
=== Project Setup
[info] 
[info] First, let's associate this project directory with a Firebase project.
[info] You can create multiple project aliases by running firebase use --add, 
[info] but for now we'll just set up a default project.
[info] 
[debug] [2022-11-06T13:33:45.877Z] > refreshing access token with scopes: []
[debug] [2022-11-06T13:33:45.888Z] >>> [apiv2][query] POST https://www.googleapis.com/oauth2/v3/token [none]
[debug] [2022-11-06T13:33:45.889Z] >>> [apiv2][body] POST https://www.googleapis.com/oauth2/v3/token [omitted]
[debug] [2022-11-06T13:33:46.105Z] <<< [apiv2][status] POST https://www.googleapis.com/oauth2/v3/token 400
[debug] [2022-11-06T13:33:46.105Z] <<< [apiv2][body] POST https://www.googleapis.com/oauth2/v3/token [omitted]
[debug] [2022-11-06T13:33:46.106Z] >>> [apiv2][query] GET https://firebase.googleapis.com/v1beta1/projects pageSize=100
[debug] [2022-11-06T13:33:46.221Z] <<< [apiv2][status] GET https://firebase.googleapis.com/v1beta1/projects 401
[debug] [2022-11-06T13:33:46.221Z] <<< [apiv2][body] GET https://firebase.googleapis.com/v1beta1/projects [omitted]
[debug] [2022-11-06T13:33:46.222Z] HTTP Error: 401, Request had invalid authentication credentials. Expected OAuth 2 access token, login cookie or other valid authentication credential. See https://developers.google.com/identity/sign-in/web/devconsole-project.
[debug] [2022-11-06T13:33:46.329Z] FirebaseError: HTTP Error: 401, Request had invalid authentication credentials. Expected OAuth 2 access token, login cookie or other valid authentication credential. See https://developers.google.com/identity/sign-in/web/devconsole-project.
    at responseToError (C:\Users\mojil.LAPTOP-S6QF901D\AppData\Roaming\npm\node_modules\firebase-tools\lib\responseToError.js:49:12)
    at RetryOperation._fn (C:\Users\mojil.LAPTOP-S6QF901D\AppData\Roaming\npm\node_modules\firebase-tools\lib\apiv2.js:288:77)
    at processTicksAndRejections (node:internal/process/task_queues:96:5)
[error] 
[error] Error: Failed to list Firebase projects. See firebase-debug.log for more info.
